2018-10-21 21:19:16,452 DEBUG [main] org.springframework.web.context.support.StandardServletEnvironment : Adding PropertySource 'configurationProperties' with highest search precedence
2018-10-21 21:19:16,558 DEBUG [main] org.springframework.web.context.support.StandardServletEnvironment : Adding PropertySource 'servletConfigInitParams' with lowest search precedence
2018-10-21 21:19:16,559 DEBUG [main] org.springframework.web.context.support.StandardServletEnvironment : Adding PropertySource 'servletContextInitParams' with lowest search precedence
2018-10-21 21:19:16,559 DEBUG [main] org.springframework.web.context.support.StandardServletEnvironment : Adding PropertySource 'systemProperties' with lowest search precedence
2018-10-21 21:19:16,560 DEBUG [main] org.springframework.web.context.support.StandardServletEnvironment : Adding PropertySource 'systemEnvironment' with lowest search precedence
2018-10-21 21:19:16,560 DEBUG [main] org.springframework.web.context.support.StandardServletEnvironment : Initialized StandardServletEnvironment with PropertySources [StubPropertySource {name='servletConfigInitParams'}, StubPropertySource {name='servletContextInitParams'}, MapPropertySource {name='systemProperties'}, SystemEnvironmentPropertySource {name='systemEnvironment'}]
2018-10-21 21:19:16,915 INFO  [main] com.example.springbootdemo.SpringbootDemoApplication : Starting SpringbootDemoApplication on DESKTOP-7RLP5R1 with PID 9096 (G:\project\spring-boot-learning-examples-develop\springboot-demo\target\classes started by yaoqiang in G:\project\spring-boot-learning-examples-develop\springboot-demo)
2018-10-21 21:19:16,916 INFO  [main] com.example.springbootdemo.SpringbootDemoApplication : The following profiles are active: test
2018-10-21 21:19:17,198 INFO  [main] org.springframework.boot.web.servlet.context.AnnotationConfigServletWebServerApplicationContext : Refreshing org.springframework.boot.web.servlet.context.AnnotationConfigServletWebServerApplicationContext@53bd8fca: startup date [Sun Oct 21 21:19:17 CST 2018]; root of context hierarchy
2018-10-21 21:19:19,945 DEBUG [main] org.springframework.web.context.support.StandardServletEnvironment : Removing PropertySource 'defaultProperties'
2018-10-21 21:19:21,244 INFO  [main] org.springframework.boot.web.embedded.tomcat.TomcatWebServer : Tomcat initialized with port(s): 8081 (http)
2018-10-21 21:19:21,373 INFO  [main] org.apache.catalina.core.StandardService : Starting service [Tomcat]
2018-10-21 21:19:21,373 INFO  [main] org.apache.catalina.core.StandardEngine : Starting Servlet Engine: Apache Tomcat/8.5.34
2018-10-21 21:19:21,387 INFO  [localhost-startStop-1] org.apache.catalina.core.AprLifecycleListener : The APR based Apache Tomcat Native library which allows optimal performance in production environments was not found on the java.library.path: [E:\Java64\jdk1.8.0_172\bin;C:\WINDOWS\Sun\Java\bin;C:\WINDOWS\system32;C:\WINDOWS;C:\WINDOWS\system32;C:\WINDOWS;C:\WINDOWS\System32\Wbem;C:\WINDOWS\System32\WindowsPowerShell\v1.0\;C:\WINDOWS\System32\OpenSSH\;E:\Java64\jdk1.8.0_172\\bin;E:\apache-maven-3.5.3\bin;E:\MySQL\MySQL Server 5.5\bin;E:\Git\cmd;E:\nodejs\;C:\Users\yaoqiang\AppData\Local\Microsoft\WindowsApps;E:\nodejs\node_global;;E:\Microsoft VS Code\bin;.]
2018-10-21 21:19:21,594 INFO  [localhost-startStop-1] org.apache.catalina.core.ContainerBase.[Tomcat].[localhost].[/] : Initializing Spring embedded WebApplicationContext
2018-10-21 21:19:21,595 DEBUG [localhost-startStop-1] org.springframework.web.context.ContextLoader : Published root WebApplicationContext as ServletContext attribute with name [org.springframework.web.context.WebApplicationContext.ROOT]
2018-10-21 21:19:21,595 INFO  [localhost-startStop-1] org.springframework.web.context.ContextLoader : Root WebApplicationContext: initialization completed in 4397 ms
2018-10-21 21:19:21,737 WARN  [localhost-startStop-1] com.example.springbootdemo.extend.security.UrlFilterSecurityInterceptor : Could not validate configuration attributes as the SecurityMetadataSource did not return any attributes from getAllConfigAttributes()
2018-10-21 21:19:21,813 INFO  [localhost-startStop-1] org.springframework.boot.web.servlet.FilterRegistrationBean : Mapping filter: 'characterEncodingFilter' to: [/*]
2018-10-21 21:19:21,815 INFO  [localhost-startStop-1] org.springframework.boot.web.servlet.DelegatingFilterProxyRegistrationBean : Mapping filter: 'springSecurityFilterChain' to: [/*]
2018-10-21 21:19:21,815 INFO  [localhost-startStop-1] org.springframework.boot.web.servlet.FilterRegistrationBean : Mapping filter: 'urlFilterSecurityInterceptor' to: [/*]
2018-10-21 21:19:21,816 INFO  [localhost-startStop-1] org.springframework.boot.web.servlet.ServletRegistrationBean : Servlet dispatcherServlet mapped to [/]
2018-10-21 21:19:21,818 INFO  [localhost-startStop-1] org.springframework.boot.web.servlet.ServletRegistrationBean : Servlet statViewServlet mapped to [/druid/*]
2018-10-21 21:19:21,922 DEBUG [main] org.springframework.web.context.support.StandardServletEnvironment : Replacing PropertySource 'servletContextInitParams' with 'servletContextInitParams'
2018-10-21 21:19:22,186 INFO  [main] com.alibaba.druid.spring.boot.autoconfigure.DruidDataSourceAutoConfigure : Init DruidDataSource
2018-10-21 21:19:22,575 ERROR [main] com.alibaba.druid.pool.DruidDataSource : testWhileIdle is true, validationQuery not set
2018-10-21 21:19:22,581 INFO  [main] com.alibaba.druid.pool.DruidDataSource : {dataSource-1} inited
2018-10-21 21:19:23,055 INFO  [main] org.springframework.jdbc.datasource.init.ScriptUtils : Executing SQL script from class path resource [db/schema-h2.sql]
2018-10-21 21:19:23,151 INFO  [main] org.springframework.jdbc.datasource.init.ScriptUtils : Executed SQL script from class path resource [db/schema-h2.sql] in 95 ms.
2018-10-21 21:19:23,178 INFO  [main] org.springframework.jdbc.datasource.init.ScriptUtils : Executing SQL script from class path resource [db/data-h2.sql]
2018-10-21 21:19:23,600 INFO  [main] org.springframework.jdbc.datasource.init.ScriptUtils : Executed SQL script from class path resource [db/data-h2.sql] in 422 ms.
2018-10-21 21:19:24,479 DEBUG [main] org.springframework.web.servlet.mvc.method.annotation.RequestMappingHandlerMapping : Looking for request mappings in application context: org.springframework.boot.web.servlet.context.AnnotationConfigServletWebServerApplicationContext@53bd8fca: startup date [Sun Oct 21 21:19:17 CST 2018]; root of context hierarchy
2018-10-21 21:19:24,497 DEBUG [main] org.springframework.web.servlet.mvc.method.annotation.RequestMappingHandlerMapping : 1 request handler methods found on class com.example.springbootdemo.security.controller.LoginController: {public com.example.springbootdemo.common.utils.Msg com.example.springbootdemo.security.controller.LoginController.login(java.security.Principal,java.lang.String)={[/check]}}
2018-10-21 21:19:24,500 INFO  [main] org.springframework.web.servlet.mvc.method.annotation.RequestMappingHandlerMapping : Mapped "{[/check]}" onto public com.example.springbootdemo.common.utils.Msg com.example.springbootdemo.security.controller.LoginController.login(java.security.Principal,java.lang.String)
2018-10-21 21:19:24,504 DEBUG [main] org.springframework.web.servlet.mvc.method.annotation.RequestMappingHandlerMapping : 5 request handler methods found on class com.example.springbootdemo.security.controller.UserController: {public java.lang.Object com.example.springbootdemo.security.controller.UserController.update(javax.servlet.http.HttpServletRequest)={[/user],methods=[PUT]}, public java.lang.Object com.example.springbootdemo.security.controller.UserController.create(javax.servlet.http.HttpServletRequest)={[/user],methods=[POST]}, public java.lang.Object com.example.springbootdemo.security.controller.UserController.list(javax.servlet.http.HttpServletRequest)={[/user],methods=[GET]}, public java.lang.Object com.example.springbootdemo.security.controller.UserController.detail(java.lang.Integer)={[/user/{id}],methods=[GET]}, public com.example.springbootdemo.common.utils.Msg com.example.springbootdemo.security.controller.UserController.success(java.security.Principal,java.lang.String)={[/user/success]}}
2018-10-21 21:19:24,505 INFO  [main] org.springframework.web.servlet.mvc.method.annotation.RequestMappingHandlerMapping : Mapped "{[/user],methods=[PUT]}" onto public java.lang.Object com.example.springbootdemo.security.controller.UserController.update(javax.servlet.http.HttpServletRequest)
2018-10-21 21:19:24,505 INFO  [main] org.springframework.web.servlet.mvc.method.annotation.RequestMappingHandlerMapping : Mapped "{[/user],methods=[POST]}" onto public java.lang.Object com.example.springbootdemo.security.controller.UserController.create(javax.servlet.http.HttpServletRequest)
2018-10-21 21:19:24,506 INFO  [main] org.springframework.web.servlet.mvc.method.annotation.RequestMappingHandlerMapping : Mapped "{[/user],methods=[GET]}" onto public java.lang.Object com.example.springbootdemo.security.controller.UserController.list(javax.servlet.http.HttpServletRequest)
2018-10-21 21:19:24,506 INFO  [main] org.springframework.web.servlet.mvc.method.annotation.RequestMappingHandlerMapping : Mapped "{[/user/{id}],methods=[GET]}" onto public java.lang.Object com.example.springbootdemo.security.controller.UserController.detail(java.lang.Integer)
2018-10-21 21:19:24,506 INFO  [main] org.springframework.web.servlet.mvc.method.annotation.RequestMappingHandlerMapping : Mapped "{[/user/success]}" onto public com.example.springbootdemo.common.utils.Msg com.example.springbootdemo.security.controller.UserController.success(java.security.Principal,java.lang.String)
2018-10-21 21:19:24,513 DEBUG [main] org.springframework.web.servlet.mvc.method.annotation.RequestMappingHandlerMapping : 2 request handler methods found on class org.springframework.boot.autoconfigure.web.servlet.error.BasicErrorController: {public org.springframework.http.ResponseEntity org.springframework.boot.autoconfigure.web.servlet.error.BasicErrorController.error(javax.servlet.http.HttpServletRequest)={[/error]}, public org.springframework.web.servlet.ModelAndView org.springframework.boot.autoconfigure.web.servlet.error.BasicErrorController.errorHtml(javax.servlet.http.HttpServletRequest,javax.servlet.http.HttpServletResponse)={[/error],produces=[text/html]}}
2018-10-21 21:19:24,514 INFO  [main] org.springframework.web.servlet.mvc.method.annotation.RequestMappingHandlerMapping : Mapped "{[/error]}" onto public org.springframework.http.ResponseEntity<java.util.Map<java.lang.String, java.lang.Object>> org.springframework.boot.autoconfigure.web.servlet.error.BasicErrorController.error(javax.servlet.http.HttpServletRequest)
2018-10-21 21:19:24,515 INFO  [main] org.springframework.web.servlet.mvc.method.annotation.RequestMappingHandlerMapping : Mapped "{[/error],produces=[text/html]}" onto public org.springframework.web.servlet.ModelAndView org.springframework.boot.autoconfigure.web.servlet.error.BasicErrorController.errorHtml(javax.servlet.http.HttpServletRequest,javax.servlet.http.HttpServletResponse)
2018-10-21 21:19:24,583 DEBUG [main] org.springframework.web.servlet.handler.BeanNameUrlHandlerMapping : Looking for URL mappings in application context: org.springframework.boot.web.servlet.context.AnnotationConfigServletWebServerApplicationContext@53bd8fca: startup date [Sun Oct 21 21:19:17 CST 2018]; root of context hierarchy
2018-10-21 21:19:24,583 DEBUG [main] org.springframework.web.servlet.handler.BeanNameUrlHandlerMapping : Rejected bean name 'org.springframework.context.annotation.internalConfigurationAnnotationProcessor': no URL paths identified
2018-10-21 21:19:24,584 DEBUG [main] org.springframework.web.servlet.handler.BeanNameUrlHandlerMapping : Rejected bean name 'org.springframework.context.annotation.internalAutowiredAnnotationProcessor': no URL paths identified
2018-10-21 21:19:24,584 DEBUG [main] org.springframework.web.servlet.handler.BeanNameUrlHandlerMapping : Rejected bean name 'org.springframework.context.annotation.internalRequiredAnnotationProcessor': no URL paths identified
2018-10-21 21:19:24,584 DEBUG [main] org.springframework.web.servlet.handler.BeanNameUrlHandlerMapping : Rejected bean name 'org.springframework.context.annotation.internalCommonAnnotationProcessor': no URL paths identified
2018-10-21 21:19:24,584 DEBUG [main] org.springframework.web.servlet.handler.BeanNameUrlHandlerMapping : Rejected bean name 'org.springframework.context.event.internalEventListenerProcessor': no URL paths identified
2018-10-21 21:19:24,584 DEBUG [main] org.springframework.web.servlet.handler.BeanNameUrlHandlerMapping : Rejected bean name 'org.springframework.context.event.internalEventListenerFactory': no URL paths identified
2018-10-21 21:19:24,584 DEBUG [main] org.springframework.web.servlet.handler.BeanNameUrlHandlerMapping : Rejected bean name 'springbootDemoApplication': no URL paths identified
2018-10-21 21:19:24,585 DEBUG [main] org.springframework.web.servlet.handler.BeanNameUrlHandlerMapping : Rejected bean name 'org.springframework.boot.autoconfigure.internalCachingMetadataReaderFactory': no URL paths identified
2018-10-21 21:19:24,585 DEBUG [main] org.springframework.web.servlet.handler.BeanNameUrlHandlerMapping : Rejected bean name 'globalExceptionHandler': no URL paths identified
2018-10-21 21:19:24,585 DEBUG [main] org.springframework.web.servlet.handler.BeanNameUrlHandlerMapping : Rejected bean name 'securityConfig': no URL paths identified
2018-10-21 21:19:24,585 DEBUG [main] org.springframework.web.servlet.handler.BeanNameUrlHandlerMapping : Rejected bean name 'webMvcConfig': no URL paths identified
2018-10-21 21:19:24,585 DEBUG [main] org.springframework.web.servlet.handler.BeanNameUrlHandlerMapping : Rejected bean name 'webSecurityConfig': no URL paths identified
2018-10-21 21:19:24,585 DEBUG [main] org.springframework.web.servlet.handler.BeanNameUrlHandlerMapping : Rejected bean name 'urlFilterSecurityInterceptor': no URL paths identified
2018-10-21 21:19:24,585 DEBUG [main] org.springframework.web.servlet.handler.BeanNameUrlHandlerMapping : Rejected bean name 'urlUserService': no URL paths identified
2018-10-21 21:19:24,585 DEBUG [main] org.springframework.web.servlet.handler.BeanNameUrlHandlerMapping : Rejected bean name 'loginController': no URL paths identified
2018-10-21 21:19:24,585 DEBUG [main] org.springframework.web.servlet.handler.BeanNameUrlHandlerMapping : Rejected bean name 'userController': no URL paths identified
2018-10-21 21:19:24,585 DEBUG [main] org.springframework.web.servlet.handler.BeanNameUrlHandlerMapping : Rejected bean name 'userService': no URL paths identified
2018-10-21 21:19:24,585 DEBUG [main] org.springframework.web.servlet.handler.BeanNameUrlHandlerMapping : Rejected bean name 'getUrlAccessDecisionManager': no URL paths identified
2018-10-21 21:19:24,585 DEBUG [main] org.springframework.web.servlet.handler.BeanNameUrlHandlerMapping : Rejected bean name 'getUrlMetadataSourceService': no URL paths identified
2018-10-21 21:19:24,587 DEBUG [main] org.springframework.web.servlet.handler.BeanNameUrlHandlerMapping : Rejected bean name 'requestMappingHandlerMapping': no URL paths identified
2018-10-21 21:19:24,588 DEBUG [main] org.springframework.web.servlet.handler.BeanNameUrlHandlerMapping : Rejected bean name 'mvcPathMatcher': no URL paths identified
2018-10-21 21:19:24,588 DEBUG [main] org.springframework.web.servlet.handler.BeanNameUrlHandlerMapping : Rejected bean name 'mvcUrlPathHelper': no URL paths identified
2018-10-21 21:19:24,588 DEBUG [main] org.springframework.web.servlet.handler.BeanNameUrlHandlerMapping : Rejected bean name 'mvcContentNegotiationManager': no URL paths identified
2018-10-21 21:19:24,588 DEBUG [main] org.springframework.web.servlet.handler.BeanNameUrlHandlerMapping : Rejected bean name 'viewControllerHandlerMapping': no URL paths identified
2018-10-21 21:19:24,589 DEBUG [main] org.springframework.web.servlet.handler.BeanNameUrlHandlerMapping : Rejected bean name 'beanNameHandlerMapping': no URL paths identified
2018-10-21 21:19:24,589 DEBUG [main] org.springframework.web.servlet.handler.BeanNameUrlHandlerMapping : Rejected bean name 'resourceHandlerMapping': no URL paths identified
2018-10-21 21:19:24,589 DEBUG [main] org.springframework.web.servlet.handler.BeanNameUrlHandlerMapping : Rejected bean name 'mvcResourceUrlProvider': no URL paths identified
2018-10-21 21:19:24,589 DEBUG [main] org.springframework.web.servlet.handler.BeanNameUrlHandlerMapping : Rejected bean name 'defaultServletHandlerMapping': no URL paths identified
2018-10-21 21:19:24,589 DEBUG [main] org.springframework.web.servlet.handler.BeanNameUrlHandlerMapping : Rejected bean name 'requestMappingHandlerAdapter': no URL paths identified
2018-10-21 21:19:24,589 DEBUG [main] org.springframework.web.servlet.handler.BeanNameUrlHandlerMapping : Rejected bean name 'mvcConversionService': no URL paths identified
2018-10-21 21:19:24,589 DEBUG [main] org.springframework.web.servlet.handler.BeanNameUrlHandlerMapping : Rejected bean name 'mvcValidator': no URL paths identified
2018-10-21 21:19:24,589 DEBUG [main] org.springframework.web.servlet.handler.BeanNameUrlHandlerMapping : Rejected bean name 'mvcUriComponentsContributor': no URL paths identified
2018-10-21 21:19:24,589 DEBUG [main] org.springframework.web.servlet.handler.BeanNameUrlHandlerMapping : Rejected bean name 'httpRequestHandlerAdapter': no URL paths identified
2018-10-21 21:19:24,590 DEBUG [main] org.springframework.web.servlet.handler.BeanNameUrlHandlerMapping : Rejected bean name 'simpleControllerHandlerAdapter': no URL paths identified
2018-10-21 21:19:24,590 DEBUG [main] org.springframework.web.servlet.handler.BeanNameUrlHandlerMapping : Rejected bean name 'handlerExceptionResolver': no URL paths identified
2018-10-21 21:19:24,590 DEBUG [main] org.springframework.web.servlet.handler.BeanNameUrlHandlerMapping : Rejected bean name 'mvcViewResolver': no URL paths identified
2018-10-21 21:19:24,590 DEBUG [main] org.springframework.web.servlet.handler.BeanNameUrlHandlerMapping : Rejected bean name 'mvcHandlerMappingIntrospector': no URL paths identified
2018-10-21 21:19:24,590 DEBUG [main] org.springframework.web.servlet.handler.BeanNameUrlHandlerMapping : Rejected bean name 'org.springframework.security.config.annotation.configuration.ObjectPostProcessorConfiguration': no URL paths identified
2018-10-21 21:19:24,590 DEBUG [main] org.springframework.web.servlet.handler.BeanNameUrlHandlerMapping : Rejected bean name 'objectPostProcessor': no URL paths identified
2018-10-21 21:19:24,591 DEBUG [main] org.springframework.web.servlet.handler.BeanNameUrlHandlerMapping : Rejected bean name 'org.springframework.security.config.annotation.authentication.configuration.AuthenticationConfiguration': no URL paths identified
2018-10-21 21:19:24,591 DEBUG [main] org.springframework.web.servlet.handler.BeanNameUrlHandlerMapping : Rejected bean name 'authenticationManagerBuilder': no URL paths identified
2018-10-21 21:19:24,591 DEBUG [main] org.springframework.web.servlet.handler.BeanNameUrlHandlerMapping : Rejected bean name 'enableGlobalAuthenticationAutowiredConfigurer': no URL paths identified
2018-10-21 21:19:24,591 DEBUG [main] org.springframework.web.servlet.handler.BeanNameUrlHandlerMapping : Rejected bean name 'initializeUserDetailsBeanManagerConfigurer': no URL paths identified
2018-10-21 21:19:24,591 DEBUG [main] org.springframework.web.servlet.handler.BeanNameUrlHandlerMapping : Rejected bean name 'initializeAuthenticationProviderBeanManagerConfigurer': no URL paths identified
2018-10-21 21:19:24,591 DEBUG [main] org.springframework.web.servlet.handler.BeanNameUrlHandlerMapping : Rejected bean name 'org.springframework.security.config.annotation.web.configuration.WebSecurityConfiguration': no URL paths identified
2018-10-21 21:19:24,591 DEBUG [main] org.springframework.web.servlet.handler.BeanNameUrlHandlerMapping : Rejected bean name 'delegatingApplicationListener': no URL paths identified
2018-10-21 21:19:24,591 DEBUG [main] org.springframework.web.servlet.handler.BeanNameUrlHandlerMapping : Rejected bean name 'webSecurityExpressionHandler': no URL paths identified
2018-10-21 21:19:24,591 DEBUG [main] org.springframework.web.servlet.handler.BeanNameUrlHandlerMapping : Rejected bean name 'springSecurityFilterChain': no URL paths identified
2018-10-21 21:19:24,591 DEBUG [main] org.springframework.web.servlet.handler.BeanNameUrlHandlerMapping : Rejected bean name 'privilegeEvaluator': no URL paths identified
2018-10-21 21:19:24,591 DEBUG [main] org.springframework.web.servlet.handler.BeanNameUrlHandlerMapping : Rejected bean name 'autowiredWebSecurityConfigurersIgnoreParents': no URL paths identified
2018-10-21 21:19:24,592 DEBUG [main] org.springframework.web.servlet.handler.BeanNameUrlHandlerMapping : Rejected bean name 'org.springframework.security.config.annotation.web.configuration.WebMvcSecurityConfiguration': no URL paths identified
2018-10-21 21:19:24,592 DEBUG [main] org.springframework.web.servlet.handler.BeanNameUrlHandlerMapping : Rejected bean name 'requestDataValueProcessor': no URL paths identified
2018-10-21 21:19:24,592 DEBUG [main] org.springframework.web.servlet.handler.BeanNameUrlHandlerMapping : Rejected bean name 'org.springframework.security.config.annotation.method.configuration.GlobalMethodSecurityConfiguration': no URL paths identified
2018-10-21 21:19:24,592 DEBUG [main] org.springframework.web.servlet.handler.BeanNameUrlHandlerMapping : Rejected bean name 'methodSecurityInterceptor': no URL paths identified
2018-10-21 21:19:24,592 DEBUG [main] org.springframework.web.servlet.handler.BeanNameUrlHandlerMapping : Rejected bean name 'methodSecurityMetadataSource': no URL paths identified
2018-10-21 21:19:24,592 DEBUG [main] org.springframework.web.servlet.handler.BeanNameUrlHandlerMapping : Rejected bean name 'preInvocationAuthorizationAdvice': no URL paths identified
2018-10-21 21:19:24,592 DEBUG [main] org.springframework.web.servlet.handler.BeanNameUrlHandlerMapping : Rejected bean name 'org.springframework.security.config.annotation.method.configuration.Jsr250MetadataSourceConfiguration': no URL paths identified
2018-10-21 21:19:24,592 DEBUG [main] org.springframework.web.servlet.handler.BeanNameUrlHandlerMapping : Rejected bean name 'jsr250MethodSecurityMetadataSource': no URL paths identified
2018-10-21 21:19:24,592 DEBUG [main] org.springframework.web.servlet.handler.BeanNameUrlHandlerMapping : Rejected bean name 'getSessionRegistry': no URL paths identified
2018-10-21 21:19:24,594 DEBUG [main] org.springframework.web.servlet.handler.BeanNameUrlHandlerMapping : Rejected bean name 'metaDataSourceAdvisor': no URL paths identified
2018-10-21 21:19:24,597 DEBUG [main] org.springframework.web.servlet.handler.BeanNameUrlHandlerMapping : Rejected bean name 'org.springframework.aop.config.internalAutoProxyCreator': no URL paths identified
2018-10-21 21:19:24,597 DEBUG [main] org.springframework.web.servlet.handler.BeanNameUrlHandlerMapping : Rejected bean name 'org.springframework.boot.autoconfigure.AutoConfigurationPackages': no URL paths identified
2018-10-21 21:19:24,597 DEBUG [main] org.springframework.web.servlet.handler.BeanNameUrlHandlerMapping : Rejected bean name 'org.springframework.boot.autoconfigure.context.PropertyPlaceholderAutoConfiguration': no URL paths identified
2018-10-21 21:19:24,597 DEBUG [main] org.springframework.web.servlet.handler.BeanNameUrlHandlerMapping : Rejected bean name 'org.springframework.boot.autoconfigure.condition.BeanTypeRegistry': no URL paths identified
2018-10-21 21:19:24,597 DEBUG [main] org.springframework.web.servlet.handler.BeanNameUrlHandlerMapping : Rejected bean name 'propertySourcesPlaceholderConfigurer': no URL paths identified
2018-10-21 21:19:24,597 DEBUG [main] org.springframework.web.servlet.handler.BeanNameUrlHandlerMapping : Rejected bean name 'org.springframework.boot.autoconfigure.websocket.servlet.WebSocketServletAutoConfiguration$TomcatWebSocketConfiguration': no URL paths identified
2018-10-21 21:19:24,597 DEBUG [main] org.springframework.web.servlet.handler.BeanNameUrlHandlerMapping : Rejected bean name 'websocketContainerCustomizer': no URL paths identified
2018-10-21 21:19:24,597 DEBUG [main] org.springframework.web.servlet.handler.BeanNameUrlHandlerMapping : Rejected bean name 'org.springframework.boot.autoconfigure.websocket.servlet.WebSocketServletAutoConfiguration': no URL paths identified
2018-10-21 21:19:24,597 DEBUG [main] org.springframework.web.servlet.handler.BeanNameUrlHandlerMapping : Rejected bean name 'org.springframework.boot.autoconfigure.web.servlet.ServletWebServerFactoryConfiguration$EmbeddedTomcat': no URL paths identified
2018-10-21 21:19:24,597 DEBUG [main] org.springframework.web.servlet.handler.BeanNameUrlHandlerMapping : Rejected bean name 'tomcatServletWebServerFactory': no URL paths identified
2018-10-21 21:19:24,598 DEBUG [main] org.springframework.web.servlet.handler.BeanNameUrlHandlerMapping : Rejected bean name 'org.springframework.boot.autoconfigure.web.servlet.ServletWebServerFactoryAutoConfiguration': no URL paths identified
2018-10-21 21:19:24,598 DEBUG [main] org.springframework.web.servlet.handler.BeanNameUrlHandlerMapping : Rejected bean name 'servletWebServerFactoryCustomizer': no URL paths identified
2018-10-21 21:19:24,598 DEBUG [main] org.springframework.web.servlet.handler.BeanNameUrlHandlerMapping : Rejected bean name 'tomcatServletWebServerFactoryCustomizer': no URL paths identified
2018-10-21 21:19:24,598 DEBUG [main] org.springframework.web.servlet.handler.BeanNameUrlHandlerMapping : Rejected bean name 'server-org.springframework.boot.autoconfigure.web.ServerProperties': no URL paths identified
2018-10-21 21:19:24,598 DEBUG [main] org.springframework.web.servlet.handler.BeanNameUrlHandlerMapping : Rejected bean name 'org.springframework.boot.context.properties.ConfigurationPropertiesBindingPostProcessor': no URL paths identified
2018-10-21 21:19:24,598 DEBUG [main] org.springframework.web.servlet.handler.BeanNameUrlHandlerMapping : Rejected bean name 'org.springframework.boot.context.properties.ConfigurationBeanFactoryMetadata': no URL paths identified
2018-10-21 21:19:24,598 DEBUG [main] org.springframework.web.servlet.handler.BeanNameUrlHandlerMapping : Rejected bean name 'webServerFactoryCustomizerBeanPostProcessor': no URL paths identified
2018-10-21 21:19:24,598 DEBUG [main] org.springframework.web.servlet.handler.BeanNameUrlHandlerMapping : Rejected bean name 'errorPageRegistrarBeanPostProcessor': no URL paths identified
2018-10-21 21:19:24,598 DEBUG [main] org.springframework.web.servlet.handler.BeanNameUrlHandlerMapping : Rejected bean name 'org.springframework.boot.autoconfigure.web.servlet.DispatcherServletAutoConfiguration$DispatcherServletConfiguration': no URL paths identified
2018-10-21 21:19:24,602 DEBUG [main] org.springframework.web.servlet.handler.BeanNameUrlHandlerMapping : Rejected bean name 'dispatcherServlet': no URL paths identified
2018-10-21 21:19:24,602 DEBUG [main] org.springframework.web.servlet.handler.BeanNameUrlHandlerMapping : Rejected bean name 'spring.mvc-org.springframework.boot.autoconfigure.web.servlet.WebMvcProperties': no URL paths identified
2018-10-21 21:19:24,602 DEBUG [main] org.springframework.web.servlet.handler.BeanNameUrlHandlerMapping : Rejected bean name 'org.springframework.boot.autoconfigure.web.servlet.DispatcherServletAutoConfiguration$DispatcherServletRegistrationConfiguration': no URL paths identified
2018-10-21 21:19:24,602 DEBUG [main] org.springframework.web.servlet.handler.BeanNameUrlHandlerMapping : Rejected bean name 'dispatcherServletRegistration': no URL paths identified
2018-10-21 21:19:24,602 DEBUG [main] org.springframework.web.servlet.handler.BeanNameUrlHandlerMapping : Rejected bean name 'org.springframework.boot.autoconfigure.web.servlet.DispatcherServletAutoConfiguration': no URL paths identified
2018-10-21 21:19:24,602 DEBUG [main] org.springframework.web.servlet.handler.BeanNameUrlHandlerMapping : Rejected bean name 'org.springframework.boot.autoconfigure.validation.ValidationAutoConfiguration': no URL paths identified
2018-10-21 21:19:24,602 DEBUG [main] org.springframework.web.servlet.handler.BeanNameUrlHandlerMapping : Rejected bean name 'defaultValidator': no URL paths identified
2018-10-21 21:19:24,602 DEBUG [main] org.springframework.web.servlet.handler.BeanNameUrlHandlerMapping : Rejected bean name 'methodValidationPostProcessor': no URL paths identified
2018-10-21 21:19:24,603 DEBUG [main] org.springframework.web.servlet.handler.BeanNameUrlHandlerMapping : Rejected bean name 'org.springframework.boot.autoconfigure.web.servlet.error.ErrorMvcAutoConfiguration$WhitelabelErrorViewConfiguration': no URL paths identified
2018-10-21 21:19:24,603 DEBUG [main] org.springframework.web.servlet.handler.BeanNameUrlHandlerMapping : Rejected bean name 'error': no URL paths identified
2018-10-21 21:19:24,603 DEBUG [main] org.springframework.web.servlet.handler.BeanNameUrlHandlerMapping : Rejected bean name 'beanNameViewResolver': no URL paths identified
2018-10-21 21:19:24,603 DEBUG [main] org.springframework.web.servlet.handler.BeanNameUrlHandlerMapping : Rejected bean name 'org.springframework.boot.autoconfigure.web.servlet.error.ErrorMvcAutoConfiguration$DefaultErrorViewResolverConfiguration': no URL paths identified
2018-10-21 21:19:24,603 DEBUG [main] org.springframework.web.servlet.handler.BeanNameUrlHandlerMapping : Rejected bean name 'conventionErrorViewResolver': no URL paths identified
2018-10-21 21:19:24,603 DEBUG [main] org.springframework.web.servlet.handler.BeanNameUrlHandlerMapping : Rejected bean name 'org.springframework.boot.autoconfigure.web.servlet.error.ErrorMvcAutoConfiguration': no URL paths identified
2018-10-21 21:19:24,603 DEBUG [main] org.springframework.web.servlet.handler.BeanNameUrlHandlerMapping : Rejected bean name 'errorAttributes': no URL paths identified
2018-10-21 21:19:24,603 DEBUG [main] org.springframework.web.servlet.handler.BeanNameUrlHandlerMapping : Rejected bean name 'basicErrorController': no URL paths identified
2018-10-21 21:19:24,603 DEBUG [main] org.springframework.web.servlet.handler.BeanNameUrlHandlerMapping : Rejected bean name 'errorPageCustomizer': no URL paths identified
2018-10-21 21:19:24,603 DEBUG [main] org.springframework.web.servlet.handler.BeanNameUrlHandlerMapping : Rejected bean name 'preserveErrorControllerTargetClassPostProcessor': no URL paths identified
2018-10-21 21:19:24,603 DEBUG [main] org.springframework.web.servlet.handler.BeanNameUrlHandlerMapping : Rejected bean name 'spring.resources-org.springframework.boot.autoconfigure.web.ResourceProperties': no URL paths identified
2018-10-21 21:19:24,603 DEBUG [main] org.springframework.web.servlet.handler.BeanNameUrlHandlerMapping : Rejected bean name 'com.alibaba.druid.spring.boot.autoconfigure.stat.DruidStatViewServletConfiguration': no URL paths identified
2018-10-21 21:19:24,603 DEBUG [main] org.springframework.web.servlet.handler.BeanNameUrlHandlerMapping : Rejected bean name 'statViewServletRegistrationBean': no URL paths identified
2018-10-21 21:19:24,605 DEBUG [main] org.springframework.web.servlet.handler.BeanNameUrlHandlerMapping : Rejected bean name 'com.alibaba.druid.spring.boot.autoconfigure.stat.DruidFilterConfiguration': no URL paths identified
2018-10-21 21:19:24,606 DEBUG [main] org.springframework.web.servlet.handler.BeanNameUrlHandlerMapping : Rejected bean name 'statFilter': no URL paths identified
2018-10-21 21:19:24,606 DEBUG [main] org.springframework.web.servlet.handler.BeanNameUrlHandlerMapping : Rejected bean name 'com.alibaba.druid.spring.boot.autoconfigure.DruidDataSourceAutoConfigure': no URL paths identified
2018-10-21 21:19:24,606 DEBUG [main] org.springframework.web.servlet.handler.BeanNameUrlHandlerMapping : Rejected bean name 'dataSource': no URL paths identified
2018-10-21 21:19:24,606 DEBUG [main] org.springframework.web.servlet.handler.BeanNameUrlHandlerMapping : Rejected bean name 'spring.datasource.druid-com.alibaba.druid.spring.boot.autoconfigure.properties.DruidStatProperties': no URL paths identified
2018-10-21 21:19:24,606 DEBUG [main] org.springframework.web.servlet.handler.BeanNameUrlHandlerMapping : Rejected bean name 'spring.datasource-org.springframework.boot.autoconfigure.jdbc.DataSourceProperties': no URL paths identified
2018-10-21 21:19:24,606 DEBUG [main] org.springframework.web.servlet.handler.BeanNameUrlHandlerMapping : Rejected bean name 'org.springframework.boot.autoconfigure.jdbc.metadata.DataSourcePoolMetadataProvidersConfiguration$HikariPoolDataSourceMetadataProviderConfiguration': no URL paths identified
2018-10-21 21:19:24,606 DEBUG [main] org.springframework.web.servlet.handler.BeanNameUrlHandlerMapping : Rejected bean name 'hikariPoolDataSourceMetadataProvider': no URL paths identified
2018-10-21 21:19:24,606 DEBUG [main] org.springframework.web.servlet.handler.BeanNameUrlHandlerMapping : Rejected bean name 'org.springframework.boot.autoconfigure.jdbc.metadata.DataSourcePoolMetadataProvidersConfiguration': no URL paths identified
2018-10-21 21:19:24,606 DEBUG [main] org.springframework.web.servlet.handler.BeanNameUrlHandlerMapping : Rejected bean name 'org.springframework.boot.autoconfigure.jdbc.DataSourceInitializerInvoker': no URL paths identified
2018-10-21 21:19:24,606 DEBUG [main] org.springframework.web.servlet.handler.BeanNameUrlHandlerMapping : Rejected bean name 'org.springframework.boot.autoconfigure.jdbc.DataSourceInitializationConfiguration': no URL paths identified
2018-10-21 21:19:24,606 DEBUG [main] org.springframework.web.servlet.handler.BeanNameUrlHandlerMapping : Rejected bean name 'dataSourceInitializerPostProcessor': no URL paths identified
2018-10-21 21:19:24,607 DEBUG [main] org.springframework.web.servlet.handler.BeanNameUrlHandlerMapping : Rejected bean name 'org.springframework.boot.autoconfigure.jdbc.DataSourceAutoConfiguration': no URL paths identified
2018-10-21 21:19:24,608 DEBUG [main] org.springframework.web.servlet.handler.BeanNameUrlHandlerMapping : Rejected bean name 'com.baomidou.mybatisplus.autoconfigure.MybatisPlusAutoConfiguration$MapperScannerRegistrarNotFoundConfiguration': no URL paths identified
2018-10-21 21:19:24,608 DEBUG [main] org.springframework.web.servlet.handler.BeanNameUrlHandlerMapping : Rejected bean name 'permissionDao': no URL paths identified
2018-10-21 21:19:24,608 DEBUG [main] org.springframework.web.servlet.handler.BeanNameUrlHandlerMapping : Rejected bean name 'userDao': no URL paths identified
2018-10-21 21:19:24,608 DEBUG [main] org.springframework.web.servlet.handler.BeanNameUrlHandlerMapping : Rejected bean name 'com.baomidou.mybatisplus.autoconfigure.MybatisPlusAutoConfiguration': no URL paths identified
2018-10-21 21:19:24,608 DEBUG [main] org.springframework.web.servlet.handler.BeanNameUrlHandlerMapping : Rejected bean name 'sqlSessionFactory': no URL paths identified
2018-10-21 21:19:24,609 DEBUG [main] org.springframework.web.servlet.handler.BeanNameUrlHandlerMapping : Rejected bean name 'sqlSessionTemplate': no URL paths identified
2018-10-21 21:19:24,609 DEBUG [main] org.springframework.web.servlet.handler.BeanNameUrlHandlerMapping : Rejected bean name 'mybatis-plus-com.baomidou.mybatisplus.autoconfigure.MybatisPlusProperties': no URL paths identified
2018-10-21 21:19:24,609 DEBUG [main] org.springframework.web.servlet.handler.BeanNameUrlHandlerMapping : Rejected bean name 'org.springframework.boot.autoconfigure.jmx.JmxAutoConfiguration': no URL paths identified
2018-10-21 21:19:24,609 DEBUG [main] org.springframework.web.servlet.handler.BeanNameUrlHandlerMapping : Rejected bean name 'mbeanExporter': no URL paths identified
2018-10-21 21:19:24,609 DEBUG [main] org.springframework.web.servlet.handler.BeanNameUrlHandlerMapping : Rejected bean name 'objectNamingStrategy': no URL paths identified
2018-10-21 21:19:24,609 DEBUG [main] org.springframework.web.servlet.handler.BeanNameUrlHandlerMapping : Rejected bean name 'mbeanServer': no URL paths identified
2018-10-21 21:19:24,609 DEBUG [main] org.springframework.web.servlet.handler.BeanNameUrlHandlerMapping : Rejected bean name 'org.springframework.boot.autoconfigure.admin.SpringApplicationAdminJmxAutoConfiguration': no URL paths identified
2018-10-21 21:19:24,609 DEBUG [main] org.springframework.web.servlet.handler.BeanNameUrlHandlerMapping : Rejected bean name 'springApplicationAdminRegistrar': no URL paths identified
2018-10-21 21:19:24,609 DEBUG [main] org.springframework.web.servlet.handler.BeanNameUrlHandlerMapping : Rejected bean name 'org.springframework.boot.autoconfigure.context.ConfigurationPropertiesAutoConfiguration': no URL paths identified
2018-10-21 21:19:24,609 DEBUG [main] org.springframework.web.servlet.handler.BeanNameUrlHandlerMapping : Rejected bean name 'org.springframework.boot.autoconfigure.dao.PersistenceExceptionTranslationAutoConfiguration': no URL paths identified
2018-10-21 21:19:24,609 DEBUG [main] org.springframework.web.servlet.handler.BeanNameUrlHandlerMapping : Rejected bean name 'persistenceExceptionTranslationPostProcessor': no URL paths identified
2018-10-21 21:19:24,609 DEBUG [main] org.springframework.web.servlet.handler.BeanNameUrlHandlerMapping : Rejected bean name 'org.springframework.boot.autoconfigure.jackson.JacksonAutoConfiguration$Jackson2ObjectMapperBuilderCustomizerConfiguration': no URL paths identified
2018-10-21 21:19:24,609 DEBUG [main] org.springframework.web.servlet.handler.BeanNameUrlHandlerMapping : Rejected bean name 'standardJacksonObjectMapperBuilderCustomizer': no URL paths identified
2018-10-21 21:19:24,610 DEBUG [main] org.springframework.web.servlet.handler.BeanNameUrlHandlerMapping : Rejected bean name 'spring.jackson-org.springframework.boot.autoconfigure.jackson.JacksonProperties': no URL paths identified
2018-10-21 21:19:24,610 DEBUG [main] org.springframework.web.servlet.handler.BeanNameUrlHandlerMapping : Rejected bean name 'org.springframework.boot.autoconfigure.jackson.JacksonAutoConfiguration$JacksonObjectMapperBuilderConfiguration': no URL paths identified
2018-10-21 21:19:24,610 DEBUG [main] org.springframework.web.servlet.handler.BeanNameUrlHandlerMapping : Rejected bean name 'jacksonObjectMapperBuilder': no URL paths identified
2018-10-21 21:19:24,610 DEBUG [main] org.springframework.web.servlet.handler.BeanNameUrlHandlerMapping : Rejected bean name 'org.springframework.boot.autoconfigure.jackson.JacksonAutoConfiguration$ParameterNamesModuleConfiguration': no URL paths identified
2018-10-21 21:19:24,610 DEBUG [main] org.springframework.web.servlet.handler.BeanNameUrlHandlerMapping : Rejected bean name 'parameterNamesModule': no URL paths identified
2018-10-21 21:19:24,610 DEBUG [main] org.springframework.web.servlet.handler.BeanNameUrlHandlerMapping : Rejected bean name 'org.springframework.boot.autoconfigure.jackson.JacksonAutoConfiguration$JacksonObjectMapperConfiguration': no URL paths identified
2018-10-21 21:19:24,610 DEBUG [main] org.springframework.web.servlet.handler.BeanNameUrlHandlerMapping : Rejected bean name 'jacksonObjectMapper': no URL paths identified
2018-10-21 21:19:24,610 DEBUG [main] org.springframework.web.servlet.handler.BeanNameUrlHandlerMapping : Rejected bean name 'org.springframework.boot.autoconfigure.jackson.JacksonAutoConfiguration': no URL paths identified
2018-10-21 21:19:24,610 DEBUG [main] org.springframework.web.servlet.handler.BeanNameUrlHandlerMapping : Rejected bean name 'jsonComponentModule': no URL paths identified
2018-10-21 21:19:24,610 DEBUG [main] org.springframework.web.servlet.handler.BeanNameUrlHandlerMapping : Rejected bean name 'org.springframework.boot.autoconfigure.http.HttpMessageConvertersAutoConfiguration$StringHttpMessageConverterConfiguration': no URL paths identified
2018-10-21 21:19:24,611 DEBUG [main] org.springframework.web.servlet.handler.BeanNameUrlHandlerMapping : Rejected bean name 'stringHttpMessageConverter': no URL paths identified
2018-10-21 21:19:24,611 DEBUG [main] org.springframework.web.servlet.handler.BeanNameUrlHandlerMapping : Rejected bean name 'spring.http.encoding-org.springframework.boot.autoconfigure.http.HttpEncodingProperties': no URL paths identified
2018-10-21 21:19:24,611 DEBUG [main] org.springframework.web.servlet.handler.BeanNameUrlHandlerMapping : Rejected bean name 'org.springframework.boot.autoconfigure.http.JacksonHttpMessageConvertersConfiguration$MappingJackson2HttpMessageConverterConfiguration': no URL paths identified
2018-10-21 21:19:24,611 DEBUG [main] org.springframework.web.servlet.handler.BeanNameUrlHandlerMapping : Rejected bean name 'mappingJackson2HttpMessageConverter': no URL paths identified
2018-10-21 21:19:24,611 DEBUG [main] org.springframework.web.servlet.handler.BeanNameUrlHandlerMapping : Rejected bean name 'org.springframework.boot.autoconfigure.http.JacksonHttpMessageConvertersConfiguration': no URL paths identified
2018-10-21 21:19:24,611 DEBUG [main] org.springframework.web.servlet.handler.BeanNameUrlHandlerMapping : Rejected bean name 'org.springframework.boot.autoconfigure.http.HttpMessageConvertersAutoConfiguration': no URL paths identified
2018-10-21 21:19:24,611 DEBUG [main] org.springframework.web.servlet.handler.BeanNameUrlHandlerMapping : Rejected bean name 'messageConverters': no URL paths identified
2018-10-21 21:19:24,612 DEBUG [main] org.springframework.web.servlet.handler.BeanNameUrlHandlerMapping : Rejected bean name 'org.springframework.boot.autoconfigure.http.codec.CodecsAutoConfiguration$JacksonCodecConfiguration': no URL paths identified
2018-10-21 21:19:24,612 DEBUG [main] org.springframework.web.servlet.handler.BeanNameUrlHandlerMapping : Rejected bean name 'jacksonCodecCustomizer': no URL paths identified
2018-10-21 21:19:24,612 DEBUG [main] org.springframework.web.servlet.handler.BeanNameUrlHandlerMapping : Rejected bean name 'org.springframework.boot.autoconfigure.http.codec.CodecsAutoConfiguration': no URL paths identified
2018-10-21 21:19:24,612 DEBUG [main] org.springframework.web.servlet.handler.BeanNameUrlHandlerMapping : Rejected bean name 'org.springframework.boot.autoconfigure.info.ProjectInfoAutoConfiguration': no URL paths identified
2018-10-21 21:19:24,612 DEBUG [main] org.springframework.web.servlet.handler.BeanNameUrlHandlerMapping : Rejected bean name 'spring.info-org.springframework.boot.autoconfigure.info.ProjectInfoProperties': no URL paths identified
2018-10-21 21:19:24,612 DEBUG [main] org.springframework.web.servlet.handler.BeanNameUrlHandlerMapping : Rejected bean name 'org.springframework.boot.autoconfigure.jdbc.JdbcTemplateAutoConfiguration$JdbcTemplateConfiguration': no URL paths identified
2018-10-21 21:19:24,612 DEBUG [main] org.springframework.web.servlet.handler.BeanNameUrlHandlerMapping : Rejected bean name 'jdbcTemplate': no URL paths identified
2018-10-21 21:19:24,612 DEBUG [main] org.springframework.web.servlet.handler.BeanNameUrlHandlerMapping : Rejected bean name 'org.springframework.boot.autoconfigure.jdbc.JdbcTemplateAutoConfiguration$NamedParameterJdbcTemplateConfiguration': no URL paths identified
2018-10-21 21:19:24,612 DEBUG [main] org.springframework.web.servlet.handler.BeanNameUrlHandlerMapping : Rejected bean name 'namedParameterJdbcTemplate': no URL paths identified
2018-10-21 21:19:24,612 DEBUG [main] org.springframework.web.servlet.handler.BeanNameUrlHandlerMapping : Rejected bean name 'org.springframework.boot.autoconfigure.jdbc.JdbcTemplateAutoConfiguration': no URL paths identified
2018-10-21 21:19:24,612 DEBUG [main] org.springframework.web.servlet.handler.BeanNameUrlHandlerMapping : Rejected bean name 'spring.jdbc-org.springframework.boot.autoconfigure.jdbc.JdbcProperties': no URL paths identified
2018-10-21 21:19:24,612 DEBUG [main] org.springframework.web.servlet.handler.BeanNameUrlHandlerMapping : Rejected bean name 'org.springframework.boot.autoconfigure.security.servlet.SecurityAutoConfiguration': no URL paths identified
2018-10-21 21:19:24,612 DEBUG [main] org.springframework.web.servlet.handler.BeanNameUrlHandlerMapping : Rejected bean name 'authenticationEventPublisher': no URL paths identified
2018-10-21 21:19:24,617 DEBUG [main] org.springframework.web.servlet.handler.BeanNameUrlHandlerMapping : Rejected bean name 'spring.security-org.springframework.boot.autoconfigure.security.SecurityProperties': no URL paths identified
2018-10-21 21:19:24,617 DEBUG [main] org.springframework.web.servlet.handler.BeanNameUrlHandlerMapping : Rejected bean name 'org.springframework.boot.autoconfigure.security.servlet.SecurityFilterAutoConfiguration': no URL paths identified
2018-10-21 21:19:24,617 DEBUG [main] org.springframework.web.servlet.handler.BeanNameUrlHandlerMapping : Rejected bean name 'securityFilterChainRegistration': no URL paths identified
2018-10-21 21:19:24,618 DEBUG [main] org.springframework.web.servlet.handler.BeanNameUrlHandlerMapping : Rejected bean name 'org.springframework.boot.autoconfigure.security.servlet.SecurityRequestMatcherProviderAutoConfiguration': no URL paths identified
2018-10-21 21:19:24,618 DEBUG [main] org.springframework.web.servlet.handler.BeanNameUrlHandlerMapping : Rejected bean name 'requestMatcherProvider': no URL paths identified
2018-10-21 21:19:24,618 DEBUG [main] org.springframework.web.servlet.handler.BeanNameUrlHandlerMapping : Rejected bean name 'org.springframework.boot.autoconfigure.thymeleaf.ThymeleafAutoConfiguration$ThymeleafJava8TimeDialect': no URL paths identified
2018-10-21 21:19:24,618 DEBUG [main] org.springframework.web.servlet.handler.BeanNameUrlHandlerMapping : Rejected bean name 'java8TimeDialect': no URL paths identified
2018-10-21 21:19:24,618 DEBUG [main] org.springframework.web.servlet.handler.BeanNameUrlHandlerMapping : Rejected bean name 'org.springframework.boot.autoconfigure.thymeleaf.ThymeleafAutoConfiguration$ThymeleafWebMvcConfiguration$ThymeleafViewResolverConfiguration': no URL paths identified
2018-10-21 21:19:24,618 DEBUG [main] org.springframework.web.servlet.handler.BeanNameUrlHandlerMapping : Rejected bean name 'thymeleafViewResolver': no URL paths identified
2018-10-21 21:19:24,618 DEBUG [main] org.springframework.web.servlet.handler.BeanNameUrlHandlerMapping : Rejected bean name 'org.springframework.boot.autoconfigure.thymeleaf.ThymeleafAutoConfiguration$ThymeleafWebMvcConfiguration': no URL paths identified
2018-10-21 21:19:24,618 DEBUG [main] org.springframework.web.servlet.handler.BeanNameUrlHandlerMapping : Rejected bean name 'org.springframework.boot.autoconfigure.thymeleaf.ThymeleafAutoConfiguration$ThymeleafDefaultConfiguration': no URL paths identified
2018-10-21 21:19:24,618 DEBUG [main] org.springframework.web.servlet.handler.BeanNameUrlHandlerMapping : Rejected bean name 'templateEngine': no URL paths identified
2018-10-21 21:19:24,618 DEBUG [main] org.springframework.web.servlet.handler.BeanNameUrlHandlerMapping : Rejected bean name 'org.springframework.boot.autoconfigure.thymeleaf.ThymeleafAutoConfiguration$DefaultTemplateResolverConfiguration': no URL paths identified
2018-10-21 21:19:24,618 DEBUG [main] org.springframework.web.servlet.handler.BeanNameUrlHandlerMapping : Rejected bean name 'defaultTemplateResolver': no URL paths identified
2018-10-21 21:19:24,618 DEBUG [main] org.springframework.web.servlet.handler.BeanNameUrlHandlerMapping : Rejected bean name 'org.springframework.boot.autoconfigure.thymeleaf.ThymeleafAutoConfiguration': no URL paths identified
2018-10-21 21:19:24,618 DEBUG [main] org.springframework.web.servlet.handler.BeanNameUrlHandlerMapping : Rejected bean name 'spring.thymeleaf-org.springframework.boot.autoconfigure.thymeleaf.ThymeleafProperties': no URL paths identified
2018-10-21 21:19:24,618 DEBUG [main] org.springframework.web.servlet.handler.BeanNameUrlHandlerMapping : Rejected bean name 'org.springframework.boot.autoconfigure.jdbc.DataSourceTransactionManagerAutoConfiguration$DataSourceTransactionManagerConfiguration': no URL paths identified
2018-10-21 21:19:24,618 DEBUG [main] org.springframework.web.servlet.handler.BeanNameUrlHandlerMapping : Rejected bean name 'transactionManager': no URL paths identified
2018-10-21 21:19:24,619 DEBUG [main] org.springframework.web.servlet.handler.BeanNameUrlHandlerMapping : Rejected bean name 'org.springframework.boot.autoconfigure.jdbc.DataSourceTransactionManagerAutoConfiguration': no URL paths identified
2018-10-21 21:19:24,619 DEBUG [main] org.springframework.web.servlet.handler.BeanNameUrlHandlerMapping : Rejected bean name 'org.springframework.transaction.annotation.ProxyTransactionManagementConfiguration': no URL paths identified
2018-10-21 21:19:24,619 DEBUG [main] org.springframework.web.servlet.handler.BeanNameUrlHandlerMapping : Rejected bean name 'org.springframework.transaction.config.internalTransactionAdvisor': no URL paths identified
2018-10-21 21:19:24,619 DEBUG [main] org.springframework.web.servlet.handler.BeanNameUrlHandlerMapping : Rejected bean name 'transactionAttributeSource': no URL paths identified
2018-10-21 21:19:24,619 DEBUG [main] org.springframework.web.servlet.handler.BeanNameUrlHandlerMapping : Rejected bean name 'transactionInterceptor': no URL paths identified
2018-10-21 21:19:24,620 DEBUG [main] org.springframework.web.servlet.handler.BeanNameUrlHandlerMapping : Rejected bean name 'org.springframework.transaction.config.internalTransactionalEventListenerFactory': no URL paths identified
2018-10-21 21:19:24,620 DEBUG [main] org.springframework.web.servlet.handler.BeanNameUrlHandlerMapping : Rejected bean name 'org.springframework.boot.autoconfigure.transaction.TransactionAutoConfiguration$EnableTransactionManagementConfiguration$CglibAutoProxyConfiguration': no URL paths identified
2018-10-21 21:19:24,620 DEBUG [main] org.springframework.web.servlet.handler.BeanNameUrlHandlerMapping : Rejected bean name 'org.springframework.boot.autoconfigure.transaction.TransactionAutoConfiguration$EnableTransactionManagementConfiguration': no URL paths identified
2018-10-21 21:19:24,620 DEBUG [main] org.springframework.web.servlet.handler.BeanNameUrlHandlerMapping : Rejected bean name 'org.springframework.boot.autoconfigure.transaction.TransactionAutoConfiguration$TransactionTemplateConfiguration': no URL paths identified
2018-10-21 21:19:24,620 DEBUG [main] org.springframework.web.servlet.handler.BeanNameUrlHandlerMapping : Rejected bean name 'transactionTemplate': no URL paths identified
2018-10-21 21:19:24,620 DEBUG [main] org.springframework.web.servlet.handler.BeanNameUrlHandlerMapping : Rejected bean name 'org.springframework.boot.autoconfigure.transaction.TransactionAutoConfiguration': no URL paths identified
2018-10-21 21:19:24,620 DEBUG [main] org.springframework.web.servlet.handler.BeanNameUrlHandlerMapping : Rejected bean name 'platformTransactionManagerCustomizers': no URL paths identified
2018-10-21 21:19:24,620 DEBUG [main] org.springframework.web.servlet.handler.BeanNameUrlHandlerMapping : Rejected bean name 'spring.transaction-org.springframework.boot.autoconfigure.transaction.TransactionProperties': no URL paths identified
2018-10-21 21:19:24,621 DEBUG [main] org.springframework.web.servlet.handler.BeanNameUrlHandlerMapping : Rejected bean name 'org.springframework.boot.autoconfigure.web.client.RestTemplateAutoConfiguration': no URL paths identified
2018-10-21 21:19:24,621 DEBUG [main] org.springframework.web.servlet.handler.BeanNameUrlHandlerMapping : Rejected bean name 'restTemplateBuilder': no URL paths identified
2018-10-21 21:19:24,621 DEBUG [main] org.springframework.web.servlet.handler.BeanNameUrlHandlerMapping : Rejected bean name 'org.springframework.boot.autoconfigure.web.embedded.EmbeddedWebServerFactoryCustomizerAutoConfiguration$TomcatWebServerFactoryCustomizerConfiguration': no URL paths identified
2018-10-21 21:19:24,621 DEBUG [main] org.springframework.web.servlet.handler.BeanNameUrlHandlerMapping : Rejected bean name 'tomcatWebServerFactoryCustomizer': no URL paths identified
2018-10-21 21:19:24,621 DEBUG [main] org.springframework.web.servlet.handler.BeanNameUrlHandlerMapping : Rejected bean name 'org.springframework.boot.autoconfigure.web.embedded.EmbeddedWebServerFactoryCustomizerAutoConfiguration': no URL paths identified
2018-10-21 21:19:24,621 DEBUG [main] org.springframework.web.servlet.handler.BeanNameUrlHandlerMapping : Rejected bean name 'org.springframework.boot.autoconfigure.web.servlet.HttpEncodingAutoConfiguration': no URL paths identified
2018-10-21 21:19:24,621 DEBUG [main] org.springframework.web.servlet.handler.BeanNameUrlHandlerMapping : Rejected bean name 'characterEncodingFilter': no URL paths identified
2018-10-21 21:19:24,621 DEBUG [main] org.springframework.web.servlet.handler.BeanNameUrlHandlerMapping : Rejected bean name 'localeCharsetMappingsCustomizer': no URL paths identified
2018-10-21 21:19:24,621 DEBUG [main] org.springframework.web.servlet.handler.BeanNameUrlHandlerMapping : Rejected bean name 'org.springframework.boot.autoconfigure.web.servlet.MultipartAutoConfiguration': no URL paths identified
2018-10-21 21:19:24,621 DEBUG [main] org.springframework.web.servlet.handler.BeanNameUrlHandlerMapping : Rejected bean name 'multipartConfigElement': no URL paths identified
2018-10-21 21:19:24,621 DEBUG [main] org.springframework.web.servlet.handler.BeanNameUrlHandlerMapping : Rejected bean name 'multipartResolver': no URL paths identified
2018-10-21 21:19:24,621 DEBUG [main] org.springframework.web.servlet.handler.BeanNameUrlHandlerMapping : Rejected bean name 'spring.servlet.multipart-org.springframework.boot.autoconfigure.web.servlet.MultipartProperties': no URL paths identified
2018-10-21 21:19:24,623 DEBUG [main] org.springframework.web.servlet.handler.BeanNameUrlHandlerMapping : Rejected bean name 'autoConfigurationReport': no URL paths identified
2018-10-21 21:19:24,623 DEBUG [main] org.springframework.web.servlet.handler.BeanNameUrlHandlerMapping : Rejected bean name 'org.springframework.boot.context.ContextIdApplicationContextInitializer$ContextId': no URL paths identified
2018-10-21 21:19:24,623 DEBUG [main] org.springframework.web.servlet.handler.BeanNameUrlHandlerMapping : Rejected bean name 'springApplicationArguments': no URL paths identified
2018-10-21 21:19:24,623 DEBUG [main] org.springframework.web.servlet.handler.BeanNameUrlHandlerMapping : Rejected bean name 'springBootBanner': no URL paths identified
2018-10-21 21:19:24,623 DEBUG [main] org.springframework.web.servlet.handler.BeanNameUrlHandlerMapping : Rejected bean name 'springBootLoggingSystem': no URL paths identified
2018-10-21 21:19:24,623 DEBUG [main] org.springframework.web.servlet.handler.BeanNameUrlHandlerMapping : Rejected bean name 'environment': no URL paths identified
2018-10-21 21:19:24,623 DEBUG [main] org.springframework.web.servlet.handler.BeanNameUrlHandlerMapping : Rejected bean name 'systemProperties': no URL paths identified
2018-10-21 21:19:24,623 DEBUG [main] org.springframework.web.servlet.handler.BeanNameUrlHandlerMapping : Rejected bean name 'systemEnvironment': no URL paths identified
2018-10-21 21:19:24,624 DEBUG [main] org.springframework.web.servlet.handler.BeanNameUrlHandlerMapping : Rejected bean name 'org.springframework.context.annotation.ConfigurationClassPostProcessor.importRegistry': no URL paths identified
2018-10-21 21:19:24,624 DEBUG [main] org.springframework.web.servlet.handler.BeanNameUrlHandlerMapping : Rejected bean name 'messageSource': no URL paths identified
2018-10-21 21:19:24,624 DEBUG [main] org.springframework.web.servlet.handler.BeanNameUrlHandlerMapping : Rejected bean name 'applicationEventMulticaster': no URL paths identified
2018-10-21 21:19:24,624 DEBUG [main] org.springframework.web.servlet.handler.BeanNameUrlHandlerMapping : Rejected bean name 'servletContext': no URL paths identified
2018-10-21 21:19:24,624 DEBUG [main] org.springframework.web.servlet.handler.BeanNameUrlHandlerMapping : Rejected bean name 'contextParameters': no URL paths identified
2018-10-21 21:19:24,624 DEBUG [main] org.springframework.web.servlet.handler.BeanNameUrlHandlerMapping : Rejected bean name 'contextAttributes': no URL paths identified
2018-10-21 21:19:24,648 INFO  [main] org.springframework.web.servlet.handler.SimpleUrlHandlerMapping : Mapped URL path [/**] onto handler of type [class org.springframework.web.servlet.resource.ResourceHttpRequestHandler]
2018-10-21 21:19:24,792 INFO  [main] org.springframework.web.servlet.mvc.method.annotation.RequestMappingHandlerAdapter : Looking for @ControllerAdvice: org.springframework.boot.web.servlet.context.AnnotationConfigServletWebServerApplicationContext@53bd8fca: startup date [Sun Oct 21 21:19:17 CST 2018]; root of context hierarchy
2018-10-21 21:19:24,891 DEBUG [main] org.springframework.web.servlet.mvc.method.annotation.ExceptionHandlerExceptionResolver : Looking for exception mappings: org.springframework.boot.web.servlet.context.AnnotationConfigServletWebServerApplicationContext@53bd8fca: startup date [Sun Oct 21 21:19:17 CST 2018]; root of context hierarchy
2018-10-21 21:19:24,903 INFO  [main] org.springframework.web.servlet.mvc.method.annotation.ExceptionHandlerExceptionResolver : Detected @ExceptionHandler methods in globalExceptionHandler
2018-10-21 21:19:25,350 INFO  [main] org.springframework.security.web.DefaultSecurityFilterChain : Creating filter chain: org.springframework.security.web.util.matcher.AnyRequestMatcher@1, [org.springframework.security.web.context.request.async.WebAsyncManagerIntegrationFilter@6f9ab79d, org.springframework.security.web.context.SecurityContextPersistenceFilter@8e25d3f, org.springframework.security.web.header.HeaderWriterFilter@733fb462, org.springframework.security.web.authentication.logout.LogoutFilter@31723307, com.example.springbootdemo.extend.security.MyUsernamePasswordAuthenticationFilter@64ae105d, org.springframework.security.web.session.ConcurrentSessionFilter@392781e, org.springframework.security.web.authentication.www.BasicAuthenticationFilter@594131f2, org.springframework.security.web.savedrequest.RequestCacheAwareFilter@79b18230, org.springframework.security.web.servletapi.SecurityContextHolderAwareRequestFilter@5c059a68, org.springframework.security.web.authentication.rememberme.RememberMeAuthenticationFilter@7bee8621, org.springframework.security.web.authentication.AnonymousAuthenticationFilter@10a18e3e, org.springframework.security.web.session.SessionManagementFilter@359066bc, org.springframework.security.web.access.ExceptionTranslationFilter@6c977dcf, org.springframework.security.web.access.intercept.FilterSecurityInterceptor@9b47400]
2018-10-21 21:19:26,165 WARN  [main] org.thymeleaf.templatemode.TemplateMode : [THYMELEAF][main] Template Mode 'HTML5' is deprecated. Using Template Mode 'HTML' instead.
2018-10-21 21:19:26,509 INFO  [main] org.springframework.jmx.export.annotation.AnnotationMBeanExporter : Registering beans for JMX exposure on startup
2018-10-21 21:19:26,513 INFO  [main] org.springframework.jmx.export.annotation.AnnotationMBeanExporter : Bean with name 'statFilter' has been autodetected for JMX exposure
2018-10-21 21:19:26,514 INFO  [main] org.springframework.jmx.export.annotation.AnnotationMBeanExporter : Bean with name 'dataSource' has been autodetected for JMX exposure
2018-10-21 21:19:26,533 INFO  [main] org.springframework.jmx.export.annotation.AnnotationMBeanExporter : Located MBean 'dataSource': registering with JMX server as MBean [com.alibaba.druid.spring.boot.autoconfigure:name=dataSource,type=DruidDataSourceWrapper]
2018-10-21 21:19:26,534 INFO  [main] org.springframework.jmx.export.annotation.AnnotationMBeanExporter : Located MBean 'statFilter': registering with JMX server as MBean [com.alibaba.druid.filter.stat:name=statFilter,type=StatFilter]
2018-10-21 21:19:26,555 DEBUG [main] org.springframework.web.servlet.resource.ResourceUrlProvider : Looking for resource handler mappings
2018-10-21 21:19:26,556 DEBUG [main] org.springframework.web.servlet.resource.ResourceUrlProvider : Found resource handler mapping: URL pattern="/**", locations=[class path resource [static/]], resolvers=[org.springframework.web.servlet.resource.PathResourceResolver@6d0290d8]
2018-10-21 21:19:26,615 INFO  [main] org.springframework.boot.web.embedded.tomcat.TomcatWebServer : Tomcat started on port(s): 8081 (http) with context path ''
2018-10-21 21:19:26,617 DEBUG [main] org.springframework.web.context.support.StandardServletEnvironment : Adding PropertySource 'server.ports' with highest search precedence
2018-10-21 21:19:26,624 INFO  [main] com.example.springbootdemo.SpringbootDemoApplication : Started SpringbootDemoApplication in 11.039 seconds (JVM running for 17.243)
